#
# There is insufficient memory for the Java Runtime Environment to continue.
# Native memory allocation (malloc) failed to allocate 884576 bytes for Chunk::new
# Possible reasons:
#   The system is out of physical RAM or swap space
#   The process is running with CompressedOops enabled, and the Java Heap may be blocking the growth of the native heap
# Possible solutions:
#   Reduce memory load on the system
#   Increase physical memory or swap space
#   Check if swap backing store is full
#   Decrease Java heap size (-Xmx/-Xms)
#   Decrease number of Java threads
#   Decrease Java thread stack sizes (-Xss)
#   Set larger code cache with -XX:ReservedCodeCacheSize=
#   JVM is running with Zero Based Compressed Oops mode in which the Java heap is
#     placed in the first 32GB address space. The Java Heap base address is the
#     maximum limit for the native heap growth. Please use -XX:HeapBaseMinAddress
#     to set the Java Heap base and to place the Java Heap above 32GB virtual address.
# This output file may be truncated or incomplete.
#
#  Out of Memory Error (allocation.cpp:389), pid=110600, tid=0x0000000000017cc0
#
# JRE version: Java(TM) SE Runtime Environment (8.0_231-b11) (build 1.8.0_231-b11)
# Java VM: Java HotSpot(TM) 64-Bit Server VM (25.231-b11 mixed mode windows-amd64 compressed oops)
# Failed to write core dump. Minidumps are not enabled by default on client versions of Windows
#

---------------  T H R E A D  ---------------

Current thread (0x000000001bea6000):  JavaThread "C2 CompilerThread1" daemon [_thread_in_native, id=97472, stack(0x000000001d5b0000,0x000000001d6b0000)]

Stack: [0x000000001d5b0000,0x000000001d6b0000]
[error occurred during error reporting (printing stack bounds), id 0xc0000005]

Native frames: (J=compiled Java code, j=interpreted, Vv=VM code, C=native code)


Current CompileTask:
C2:   7368 3416   !   4       java.net.URL::<init> (543 bytes)


---------------  P R O C E S S  ---------------

Java Threads: ( => current thread )
  0x000000001fab3800 JavaThread "File lock release action executor" [_thread_blocked, id=113692, stack(0x0000000027d30000,0x0000000027e30000)]
  0x000000001fab8000 JavaThread "Build operations Thread 12" [_thread_blocked, id=109584, stack(0x0000000027830000,0x0000000027930000)]
  0x000000001fab5000 JavaThread "Build operations Thread 11" [_thread_blocked, id=60476, stack(0x0000000027730000,0x0000000027830000)]
  0x000000001faba800 JavaThread "Build operations Thread 10" [_thread_blocked, id=89180, stack(0x0000000027630000,0x0000000027730000)]
  0x000000001fab7800 JavaThread "Build operations Thread 9" [_thread_blocked, id=45780, stack(0x0000000027530000,0x0000000027630000)]
  0x000000001fab9000 JavaThread "Build operations Thread 8" [_thread_blocked, id=58480, stack(0x0000000027170000,0x0000000027270000)]
  0x000000001fab3000 JavaThread "Build operations Thread 7" [_thread_blocked, id=110188, stack(0x0000000027070000,0x0000000027170000)]
  0x000000001fab9800 JavaThread "Build operations Thread 6" [_thread_blocked, id=118480, stack(0x0000000026f70000,0x0000000027070000)]
  0x000000001fab6800 JavaThread "Build operations Thread 5" [_thread_blocked, id=51892, stack(0x0000000026e70000,0x0000000026f70000)]
  0x000000001fab4800 JavaThread "Build operations Thread 4" [_thread_blocked, id=58012, stack(0x0000000026d70000,0x0000000026e70000)]
  0x000000001ef91800 JavaThread "Build operations Thread 3" [_thread_blocked, id=37268, stack(0x0000000026c70000,0x0000000026d70000)]
  0x000000001ef91000 JavaThread "Build operations Thread 2" [_thread_blocked, id=115588, stack(0x0000000026b70000,0x0000000026c70000)]
  0x000000001ef90000 JavaThread "Build operations" [_thread_blocked, id=22036, stack(0x0000000026a70000,0x0000000026b70000)]
  0x000000001ef8f800 JavaThread "Cache worker for Artifact transforms cache (C:\Users\Â••ÈáéËÅ°Êñá\.gradle\caches\transforms-1)" [_thread_blocked, id=117252, stack(0x0000000023ee0000,0x0000000023fe0000)]
  0x000000001ef96000 JavaThread "Cache worker for cache directory md-rule (C:\Users\Â••ÈáéËÅ°Êñá\.gradle\caches\4.10.3\md-rule)" [_thread_blocked, id=26676, stack(0x0000000023b00000,0x0000000023c00000)]
  0x000000001ef95800 JavaThread "Cache worker for cache directory md-supplier (C:\Users\Â••ÈáéËÅ°Êñá\.gradle\caches\4.10.3\md-supplier)" [_thread_blocked, id=33808, stack(0x0000000023820000,0x0000000023920000)]
  0x000000001ef94800 JavaThread "Cache worker for journal cache (C:\Users\Â••ÈáéËÅ°Êñá\.gradle\caches\journal-1)" [_thread_blocked, id=53760, stack(0x0000000023a00000,0x0000000023b00000)]
  0x000000001ef93000 JavaThread "Cache worker for file hash cache (E:\modding\The Low Mod\.gradle\4.10.3\fileHashes)" [_thread_blocked, id=79324, stack(0x0000000021440000,0x0000000021540000)]
  0x000000001ef92800 JavaThread "File lock request listener" [_thread_in_native, id=120784, stack(0x0000000021580000,0x0000000021680000)]
  0x000000001ef94000 JavaThread "Cache worker for file hash cache (C:\Users\Â••ÈáéËÅ°Êñá\.gradle\caches\4.10.3\fileHashes)" [_thread_blocked, id=94124, stack(0x0000000021340000,0x0000000021440000)]
  0x000000001ebb4000 JavaThread "Stdin handler" [_thread_blocked, id=57624, stack(0x0000000021040000,0x0000000021140000)]
  0x000000001ebb3000 JavaThread "Asynchronous log dispatcher for DefaultDaemonConnection: socket connection from /127.0.0.1:50869 to /127.0.0.1:50870" [_thread_blocked, id=33740, stack(0x0000000020f40000,0x0000000021040000)]
  0x000000001eb94000 JavaThread "Daemon worker" [_thread_in_native, id=94376, stack(0x0000000020e40000,0x0000000020f40000)]
  0x000000001eb93000 JavaThread "Cancel handler" [_thread_blocked, id=35700, stack(0x0000000020d40000,0x0000000020e40000)]
  0x000000001edd7800 JavaThread "Handler for socket connection from /127.0.0.1:50869 to /127.0.0.1:50870" [_thread_in_native, id=90088, stack(0x0000000020940000,0x0000000020a40000)]
  0x000000001edd5800 JavaThread "Daemon" [_thread_blocked, id=50904, stack(0x0000000020840000,0x0000000020940000)]
  0x000000001f0ee000 JavaThread "Daemon periodic checks" [_thread_blocked, id=99416, stack(0x0000000020740000,0x0000000020840000)]
  0x000000001f0d6000 JavaThread "Incoming local TCP Connector on port 50869" [_thread_in_native, id=114644, stack(0x0000000020550000,0x0000000020650000)]
  0x000000001ee8d000 JavaThread "Daemon health stats" [_thread_blocked, id=89176, stack(0x0000000020250000,0x0000000020350000)]
  0x000000001bf75000 JavaThread "Service Thread" daemon [_thread_blocked, id=16080, stack(0x000000001d8b0000,0x000000001d9b0000)]
  0x000000001bef6800 JavaThread "C1 CompilerThread3" daemon [_thread_blocked, id=108768, stack(0x000000001d7b0000,0x000000001d8b0000)]
  0x000000001bef5800 JavaThread "C2 CompilerThread2" daemon [_thread_blocked, id=36528, stack(0x000000001d6b0000,0x000000001d7b0000)]
=>0x000000001bea6000 JavaThread "C2 CompilerThread1" daemon [_thread_in_native, id=97472, stack(0x000000001d5b0000,0x000000001d6b0000)]
  0x000000001bea1000 JavaThread "C2 CompilerThread0" daemon [_thread_blocked, id=112664, stack(0x000000001d4b0000,0x000000001d5b0000)]
  0x000000001be9e800 JavaThread "Attach Listener" daemon [_thread_blocked, id=42208, stack(0x000000001d3b0000,0x000000001d4b0000)]
  0x000000001beed800 JavaThread "Signal Dispatcher" daemon [_thread_blocked, id=78568, stack(0x000000001d2b0000,0x000000001d3b0000)]
  0x000000001a7c3800 JavaThread "Finalizer" daemon [_thread_blocked, id=71292, stack(0x000000001d110000,0x000000001d210000)]
  0x000000001be83000 JavaThread "Reference Handler" daemon [_thread_blocked, id=109496, stack(0x000000001d010000,0x000000001d110000)]
  0x0000000002ec2800 JavaThread "main" [_thread_blocked, id=53500, stack(0x0000000002a40000,0x0000000002b40000)]

Other Threads:
  0x000000001be62800 VMThread [stack: 0x000000001cf10000,0x000000001d010000] [id=90924]
  0x000000001bea7800 WatcherThread [stack: 0x000000001d9b0000,0x000000001dab0000] [id=55080]

VM state:not at safepoint (normal execution)

VM Mutex/Monitor currently owned by a thread: None

heap address: 0x0000000700000000, size: 3072 MB, Compressed Oops mode: Zero based, Oop shift amount: 3
Narrow klass base: 0x0000000000000000, Narrow klass shift: 3
Compressed class space size: 1073741824 Address: 0x00000007c0000000

Heap:
 PSYoungGen      total 240128K, used 30045K [0x0000000780000000, 0x0000000790180000, 0x00000007c0000000)
  eden space 218624K, 13% used [0x0000000780000000,0x0000000781d575c8,0x000000078d580000)
  from space 21504K, 0% used [0x000000078ea80000,0x000000078ea80000,0x000000078ff80000)
  to   space 21504K, 0% used [0x000000078d580000,0x000000078d580000,0x000000078ea80000)
 ParOldGen       total 197632K, used 16492K [0x0000000700000000, 0x000000070c100000, 0x0000000780000000)
  object space 197632K, 8% used [0x0000000700000000,0x000000070101b288,0x000000070c100000)
 Metaspace       used 39066K, capacity 39634K, committed 39936K, reserved 1083392K
  class space    used 5376K, capacity 5598K, committed 5632K, reserved 1048576K

Card table byte_map: [0x0000000012380000,0x0000000012990000] byte_map_base: 0x000000000eb80000

Marking Bits: (ParMarkBitMap*) 0x000000005cae6d90
 Begin Bits: [0x0000000013790000, 0x0000000016790000)
 End Bits:   [0x0000000016790000, 0x0000000019790000)

Polling page: 0x00000000011e0000

CodeCache: size=245760Kb used=11619Kb max_used=12518Kb free=234140Kb
 bounds [0x0000000002fc0000, 0x0000000003c10000, 0x0000000011fc0000]
 total_blobs=3789 nmethods=3050 adapters=650
 compilation: enabled

Compilation events (10 events):
Event: 7.277 Thread 0x000000001bef6800 3412       3       sun.security.jca.GetInstance::getService (66 bytes)
Event: 7.278 Thread 0x000000001bef6800 nmethod 3412 0x00000000031fe310 code [0x00000000031fe540, 0x00000000031ff1f8]
Event: 7.280 Thread 0x000000001bea6000 3416   !   4       java.net.URL::<init> (543 bytes)
Event: 7.281 Thread 0x000000001bef6800 3417   !   3       java.util.jar.JarVerifier::processEntry (528 bytes)
Event: 7.285 Thread 0x000000001bef6800 nmethod 3417 0x0000000003510310 code [0x00000000035108e0, 0x00000000035147b8]
Event: 7.286 Thread 0x000000001bef5800 nmethod 3402 0x00000000030fe3d0 code [0x00000000030fe520, 0x00000000030fefe8]
Event: 7.288 Thread 0x000000001bef6800 3418       3       com.sun.crypto.provider.AESCrypt::mul4 (181 bytes)
Event: 7.289 Thread 0x000000001bef6800 nmethod 3418 0x00000000031f4e90 code [0x00000000031f50a0, 0x00000000031f5b10]
Event: 7.296 Thread 0x000000001bef6800 3419       3       java.lang.ClassLoader::compareCerts (149 bytes)
Event: 7.297 Thread 0x000000001bef6800 nmethod 3419 0x0000000003584a10 code [0x0000000003584be0, 0x0000000003585478]

GC Heap History (10 events):
Event: 3.727 GC heap before
{Heap before GC invocations=2 (full 0):
 PSYoungGen      total 153088K, used 72913K [0x0000000780000000, 0x000000078aa80000, 0x00000007c0000000)
  eden space 131584K, 45% used [0x0000000780000000,0x0000000783b0a818,0x0000000788080000)
  from space 21504K, 57% used [0x0000000788080000,0x0000000788ca9c18,0x0000000789580000)
  to   space 21504K, 0% used [0x0000000789580000,0x0000000789580000,0x000000078aa80000)
 ParOldGen       total 349696K, used 39K [0x0000000700000000, 0x0000000715580000, 0x0000000780000000)
  object space 349696K, 0% used [0x0000000700000000,0x0000000700009c40,0x0000000715580000)
 Metaspace       used 20728K, capacity 21146K, committed 21296K, reserved 1067008K
  class space    used 2974K, capacity 3124K, committed 3200K, reserved 1048576K
Event: 3.747 GC heap after
Heap after GC invocations=2 (full 0):
 PSYoungGen      total 153088K, used 11980K [0x0000000780000000, 0x0000000792b00000, 0x00000007c0000000)
  eden space 131584K, 0% used [0x0000000780000000,0x0000000780000000,0x0000000788080000)
  from space 21504K, 55% used [0x0000000789580000,0x000000078a133100,0x000000078aa80000)
  to   space 21504K, 0% used [0x0000000788080000,0x0000000788080000,0x0000000789580000)
 ParOldGen       total 349696K, used 47K [0x0000000700000000, 0x0000000715580000, 0x0000000780000000)
  object space 349696K, 0% used [0x0000000700000000,0x000000070000bc40,0x0000000715580000)
 Metaspace       used 20728K, capacity 21146K, committed 21296K, reserved 1067008K
  class space    used 2974K, capacity 3124K, committed 3200K, reserved 1048576K
}
Event: 3.747 GC heap before
{Heap before GC invocations=3 (full 1):
 PSYoungGen      total 153088K, used 11980K [0x0000000780000000, 0x0000000792b00000, 0x00000007c0000000)
  eden space 131584K, 0% used [0x0000000780000000,0x0000000780000000,0x0000000788080000)
  from space 21504K, 55% used [0x0000000789580000,0x000000078a133100,0x000000078aa80000)
  to   space 21504K, 0% used [0x0000000788080000,0x0000000788080000,0x0000000789580000)
 ParOldGen       total 349696K, used 47K [0x0000000700000000, 0x0000000715580000, 0x0000000780000000)
  object space 349696K, 0% used [0x0000000700000000,0x000000070000bc40,0x0000000715580000)
 Metaspace       used 20728K, capacity 21146K, committed 21296K, reserved 1067008K
  class space    used 2974K, capacity 3124K, committed 3200K, reserved 1048576K
Event: 3.789 GC heap after
Heap after GC invocations=3 (full 1):
 PSYoungGen      total 153088K, used 0K [0x0000000780000000, 0x0000000792b00000, 0x00000007c0000000)
  eden space 131584K, 0% used [0x0000000780000000,0x0000000780000000,0x0000000788080000)
  from space 21504K, 0% used [0x0000000789580000,0x0000000789580000,0x000000078aa80000)
  to   space 21504K, 0% used [0x0000000788080000,0x0000000788080000,0x0000000789580000)
 ParOldGen       total 197632K, used 11598K [0x0000000700000000, 0x000000070c100000, 0x0000000780000000)
  object space 197632K, 5% used [0x0000000700000000,0x0000000700b53928,0x000000070c100000)
 Metaspace       used 20728K, capacity 21146K, committed 21296K, reserved 1067008K
  class space    used 2974K, capacity 3124K, committed 3200K, reserved 1048576K
}
Event: 5.275 GC heap before
{Heap before GC invocations=4 (full 1):
 PSYoungGen      total 153088K, used 131584K [0x0000000780000000, 0x0000000792b00000, 0x00000007c0000000)
  eden space 131584K, 100% used [0x0000000780000000,0x0000000788080000,0x0000000788080000)
  from space 21504K, 0% used [0x0000000789580000,0x0000000789580000,0x000000078aa80000)
  to   space 21504K, 0% used [0x0000000788080000,0x0000000788080000,0x0000000789580000)
 ParOldGen       total 197632K, used 11598K [0x0000000700000000, 0x000000070c100000, 0x0000000780000000)
  object space 197632K, 5% used [0x0000000700000000,0x0000000700b53928,0x000000070c100000)
 Metaspace       used 31963K, capacity 32538K, committed 32896K, reserved 1077248K
  class space    used 4457K, capacity 4672K, committed 4736K, reserved 1048576K
Event: 5.327 GC heap after
Heap after GC invocations=4 (full 1):
 PSYoungGen      total 153088K, used 13557K [0x0000000780000000, 0x000000078ff80000, 0x00000007c0000000)
  eden space 131584K, 0% used [0x0000000780000000,0x0000000780000000,0x0000000788080000)
  from space 21504K, 63% used [0x0000000788080000,0x0000000788dbd4c8,0x0000000789580000)
  to   space 21504K, 0% used [0x000000078ea80000,0x000000078ea80000,0x000000078ff80000)
 ParOldGen       total 197632K, used 11606K [0x0000000700000000, 0x000000070c100000, 0x0000000780000000)
  object space 197632K, 5% used [0x0000000700000000,0x0000000700b55928,0x000000070c100000)
 Metaspace       used 31963K, capacity 32538K, committed 32896K, reserved 1077248K
  class space    used 4457K, capacity 4672K, committed 4736K, reserved 1048576K
}
Event: 6.045 GC heap before
{Heap before GC invocations=5 (full 1):
 PSYoungGen      total 153088K, used 58280K [0x0000000780000000, 0x000000078ff80000, 0x00000007c0000000)
  eden space 131584K, 33% used [0x0000000780000000,0x0000000782bacdd0,0x0000000788080000)
  from space 21504K, 63% used [0x0000000788080000,0x0000000788dbd4c8,0x0000000789580000)
  to   space 21504K, 0% used [0x000000078ea80000,0x000000078ea80000,0x000000078ff80000)
 ParOldGen       total 197632K, used 11606K [0x0000000700000000, 0x000000070c100000, 0x0000000780000000)
  object space 197632K, 5% used [0x0000000700000000,0x0000000700b55928,0x000000070c100000)
 Metaspace       used 34604K, capacity 35328K, committed 35496K, reserved 1079296K
  class space    used 4866K, capacity 5109K, committed 5120K, reserved 1048576K
Event: 6.065 GC heap after
Heap after GC invocations=5 (full 1):
 PSYoungGen      total 240128K, used 9693K [0x0000000780000000, 0x0000000790180000, 0x00000007c0000000)
  eden space 218624K, 0% used [0x0000000780000000,0x0000000780000000,0x000000078d580000)
  from space 21504K, 45% used [0x000000078ea80000,0x000000078f3f74f8,0x000000078ff80000)
  to   space 21504K, 0% used [0x000000078d580000,0x000000078d580000,0x000000078ea80000)
 ParOldGen       total 197632K, used 11614K [0x0000000700000000, 0x000000070c100000, 0x0000000780000000)
  object space 197632K, 5% used [0x0000000700000000,0x0000000700b57928,0x000000070c100000)
 Metaspace       used 34604K, capacity 35328K, committed 35496K, reserved 1079296K
  class space    used 4866K, capacity 5109K, committed 5120K, reserved 1048576K
}
Event: 6.065 GC heap before
{Heap before GC invocations=6 (full 2):
 PSYoungGen      total 240128K, used 9693K [0x0000000780000000, 0x0000000790180000, 0x00000007c0000000)
  eden space 218624K, 0% used [0x0000000780000000,0x0000000780000000,0x000000078d580000)
  from space 21504K, 45% used [0x000000078ea80000,0x000000078f3f74f8,0x000000078ff80000)
  to   space 21504K, 0% used [0x000000078d580000,0x000000078d580000,0x000000078ea80000)
 ParOldGen       total 197632K, used 11614K [0x0000000700000000, 0x000000070c100000, 0x0000000780000000)
  object space 197632K, 5% used [0x0000000700000000,0x0000000700b57928,0x000000070c100000)
 Metaspace       used 34604K, capacity 35328K, committed 35496K, reserved 1079296K
  class space    used 4866K, capacity 5109K, committed 5120K, reserved 1048576K
Event: 6.106 GC heap after
Heap after GC invocations=6 (full 2):
 PSYoungGen      total 240128K, used 0K [0x0000000780000000, 0x0000000790180000, 0x00000007c0000000)
  eden space 218624K, 0% used [0x0000000780000000,0x0000000780000000,0x000000078d580000)
  from space 21504K, 0% used [0x000000078ea80000,0x000000078ea80000,0x000000078ff80000)
  to   space 21504K, 0% used [0x000000078d580000,0x000000078d580000,0x000000078ea80000)
 ParOldGen       total 197632K, used 16492K [0x0000000700000000, 0x000000070c100000, 0x0000000780000000)
  object space 197632K, 8% used [0x0000000700000000,0x000000070101b288,0x000000070c100000)
 Metaspace       used 34553K, capacity 35152K, committed 35496K, reserved 1079296K
  class space    used 4846K, capacity 5029K, committed 5120K, reserved 1048576K
}

Deoptimization events (10 events):
Event: 6.672 Thread 0x000000001eb94000 Uncommon trap: reason=unstable_if action=reinterpret pc=0x0000000003a38cc4 method=java.lang.Integer.getChars(II[C)V @ 20
Event: 6.729 Thread 0x000000001eb94000 Uncommon trap: reason=unstable_if action=reinterpret pc=0x0000000003bbb718 method=java.lang.AbstractStringBuilder.append(I)Ljava/lang/AbstractStringBuilder; @ 16
Event: 6.974 Thread 0x000000001eb94000 Uncommon trap: reason=class_check action=maybe_recompile pc=0x0000000003240ee8 method=java.util.jar.JarFile.getJarEntry(Ljava/lang/String;)Ljava/util/jar/JarEntry; @ 2
Event: 7.212 Thread 0x000000001eb94000 Uncommon trap: reason=unstable_if action=reinterpret pc=0x0000000003b86c28 method=java.io.ByteArrayInputStream.read([BII)I @ 70
Event: 7.221 Thread 0x000000001eb94000 Uncommon trap: reason=unstable_if action=reinterpret pc=0x0000000003bc2fac method=java.util.Arrays.equals([B[B)Z @ 41
Event: 7.222 Thread 0x000000001eb94000 Uncommon trap: reason=unstable_if action=reinterpret pc=0x00000000034ac560 method=java.lang.String.indexOf([CII[CIII)I @ 27
Event: 7.268 Thread 0x000000001eb94000 Uncommon trap: reason=class_check action=maybe_recompile pc=0x00000000030dfa6c method=sun.security.util.math.intpoly.IntegerPolynomial$MutableElement.setSum(Lsun/security/util/math/IntegerModuloP;)Lsun/security/util/math/intpoly/IntegerPolynomial$MutableE
Event: 7.268 Thread 0x000000001eb94000 Uncommon trap: reason=class_check action=maybe_recompile pc=0x00000000030dfa6c method=sun.security.util.math.intpoly.IntegerPolynomial$MutableElement.setSum(Lsun/security/util/math/IntegerModuloP;)Lsun/security/util/math/intpoly/IntegerPolynomial$MutableE
Event: 7.268 Thread 0x000000001eb94000 Uncommon trap: reason=class_check action=maybe_recompile pc=0x00000000030dfa6c method=sun.security.util.math.intpoly.IntegerPolynomial$MutableElement.setSum(Lsun/security/util/math/IntegerModuloP;)Lsun/security/util/math/intpoly/IntegerPolynomial$MutableE
Event: 7.268 Thread 0x000000001eb94000 Uncommon trap: reason=class_check action=maybe_recompile pc=0x00000000030dfa6c method=sun.security.util.math.intpoly.IntegerPolynomial$MutableElement.setSum(Lsun/security/util/math/IntegerModuloP;)Lsun/security/util/math/intpoly/IntegerPolynomial$MutableE

Classes redefined (0 events):
No events

Internal exceptions (10 events):
Event: 5.495 Thread 0x000000001eb94000 Exception <a 'java/lang/NoSuchMethodError': <clinit>> (0x0000000780e5e5b8) thrown at [C:\re\workspace\8-2-build-windows-amd64-cygwin\jdk8u231\13620\hotspot\src\share\vm\prims\jni.cpp, line 1614]
Event: 5.874 Thread 0x000000001eb94000 Exception <a 'java/lang/ClassNotFoundException': build_9hep0yjrjq9eh6jczhwq9tr3wBeanInfo> (0x000000078250ac58) thrown at [C:\re\workspace\8-2-build-windows-amd64-cygwin\jdk8u231\13620\hotspot\src\share\vm\classfile\systemDictionary.cpp, line 210]
Event: 5.874 Thread 0x000000001eb94000 Exception <a 'java/lang/ClassNotFoundException': build_9hep0yjrjq9eh6jczhwq9tr3wCustomizer> (0x0000000782515910) thrown at [C:\re\workspace\8-2-build-windows-amd64-cygwin\jdk8u231\13620\hotspot\src\share\vm\classfile\systemDictionary.cpp, line 210]
Event: 5.879 Thread 0x000000001eb94000 Exception <a 'java/lang/ClassNotFoundException': org/gradle/api/internal/plugins/DefaultObjectConfigurationActionBeanInfo> (0x000000078257bd30) thrown at [C:\re\workspace\8-2-build-windows-amd64-cygwin\jdk8u231\13620\hotspot\src\share\vm\classfile\systemD
Event: 5.880 Thread 0x000000001eb94000 Exception <a 'java/lang/ClassNotFoundException': org/gradle/api/internal/plugins/DefaultObjectConfigurationActionCustomizer> (0x00000007825b0498) thrown at [C:\re\workspace\8-2-build-windows-amd64-cygwin\jdk8u231\13620\hotspot\src\share\vm\classfile\syste
Event: 6.006 Thread 0x000000001eb94000 Exception <a 'java/lang/ClassNotFoundException': net/minecraftforge/gradle/user/UserBasePlugin$1BeanInfo> (0x00000007828e5f70) thrown at [C:\re\workspace\8-2-build-windows-amd64-cygwin\jdk8u231\13620\hotspot\src\share\vm\classfile\systemDictionary.cpp, li
Event: 6.008 Thread 0x000000001eb94000 Exception <a 'java/lang/ClassNotFoundException': net/minecraftforge/gradle/user/UserBasePlugin$1Customizer> (0x00000007828f0630) thrown at [C:\re\workspace\8-2-build-windows-amd64-cygwin\jdk8u231\13620\hotspot\src\share\vm\classfile\systemDictionary.cpp, 
Event: 6.129 Thread 0x000000001eb94000 Exception <a 'java/lang/ClassNotFoundException': net/minecraftforge/gradle/common/Constants$1BeanInfo> (0x0000000780103740) thrown at [C:\re\workspace\8-2-build-windows-amd64-cygwin\jdk8u231\13620\hotspot\src\share\vm\classfile\systemDictionary.cpp, line 
Event: 6.129 Thread 0x000000001eb94000 Exception <a 'java/lang/ClassNotFoundException': net/minecraftforge/gradle/common/Constants$1Customizer> (0x000000078010dac8) thrown at [C:\re\workspace\8-2-build-windows-amd64-cygwin\jdk8u231\13620\hotspot\src\share\vm\classfile\systemDictionary.cpp, lin
Event: 6.258 Thread 0x000000001eb94000 Implicit null exception at 0x000000000383a298 to 0x000000000383ca3d

Events (10 events):
Event: 7.296 loading class com/sun/crypto/provider/HmacSHA1
Event: 7.296 loading class com/sun/crypto/provider/HmacSHA1 done
Event: 7.296 loading class com/sun/crypto/provider/HmacCore
Event: 7.296 loading class com/sun/crypto/provider/HmacCore done
Event: 7.296 loading class javax/crypto/MacSpi
Event: 7.296 loading class javax/crypto/MacSpi done
Event: 7.297 loading class sun/security/ssl/CipherBox$1
Event: 7.297 loading class sun/security/ssl/CipherBox$1 done
Event: 7.297 loading class javax/crypto/NullCipher
Event: 7.297 loading class javax/crypto/NullCipher done


Dynamic libraries:
0x00007ff74edd0000 - 0x00007ff74ee07000 	C:\Program Files\Java\jdk1.8.0_231\bin\java.exe
0x00007ffe1b990000 - 0x00007ffe1bba4000 	C:\WINDOWS\SYSTEM32\ntdll.dll
0x00007ffe19e20000 - 0x00007ffe19ee3000 	C:\WINDOWS\System32\KERNEL32.DLL
0x00007ffe19240000 - 0x00007ffe195dc000 	C:\WINDOWS\System32\KERNELBASE.dll
0x00007ffe19cc0000 - 0x00007ffe19d6e000 	C:\WINDOWS\System32\ADVAPI32.dll
0x00007ffe197a0000 - 0x00007ffe19847000 	C:\WINDOWS\System32\msvcrt.dll
0x00007ffe1b8a0000 - 0x00007ffe1b944000 	C:\WINDOWS\System32\sechost.dll
0x00007ffe19ac0000 - 0x00007ffe19bd5000 	C:\WINDOWS\System32\RPCRT4.dll
0x00007ffe1a380000 - 0x00007ffe1a52d000 	C:\WINDOWS\System32\USER32.dll
0x00007ffe19210000 - 0x00007ffe19236000 	C:\WINDOWS\System32\win32u.dll
0x00007ffe198b0000 - 0x00007ffe198d9000 	C:\WINDOWS\System32\GDI32.dll
0x00007ffe19680000 - 0x00007ffe19792000 	C:\WINDOWS\System32\gdi32full.dll
0x00007ffe195e0000 - 0x00007ffe1967a000 	C:\WINDOWS\System32\msvcp_win.dll
0x00007ffe18dd0000 - 0x00007ffe18ee1000 	C:\WINDOWS\System32\ucrtbase.dll
0x00007ffe06ad0000 - 0x00007ffe06d5e000 	C:\WINDOWS\WinSxS\amd64_microsoft.windows.common-controls_6595b64144ccf1df_6.0.22621.608_none_a9444ca7c10bb01d\COMCTL32.dll
0x00007ffe1a8f0000 - 0x00007ffe1a922000 	C:\WINDOWS\System32\IMM32.DLL
0x000000005d860000 - 0x000000005d932000 	C:\Program Files\Java\jdk1.8.0_231\jre\bin\msvcr100.dll
0x000000005c2c0000 - 0x000000005cb66000 	C:\Program Files\Java\jdk1.8.0_231\jre\bin\server\jvm.dll
0x00007ffe1a8e0000 - 0x00007ffe1a8e8000 	C:\WINDOWS\System32\PSAPI.DLL
0x00007ffe11b50000 - 0x00007ffe11b59000 	C:\WINDOWS\SYSTEM32\WSOCK32.dll
0x00007ffe13300000 - 0x00007ffe1330a000 	C:\WINDOWS\SYSTEM32\VERSION.dll
0x00007ffe124a0000 - 0x00007ffe124d4000 	C:\WINDOWS\SYSTEM32\WINMM.dll
0x00007ffe1a930000 - 0x00007ffe1a9a1000 	C:\WINDOWS\System32\WS2_32.dll
0x00007ffe142f0000 - 0x00007ffe142ff000 	C:\Program Files\Java\jdk1.8.0_231\jre\bin\verify.dll
0x00007ffe09b00000 - 0x00007ffe09b29000 	C:\Program Files\Java\jdk1.8.0_231\jre\bin\java.dll
0x00007ffe13a20000 - 0x00007ffe13a36000 	C:\Program Files\Java\jdk1.8.0_231\jre\bin\zip.dll
0x00007ffe1b090000 - 0x00007ffe1b87f000 	C:\WINDOWS\System32\SHELL32.dll
0x00007ffe16df0000 - 0x00007ffe176b8000 	C:\WINDOWS\SYSTEM32\windows.storage.dll
0x00007ffe1ac80000 - 0x00007ffe1b00a000 	C:\WINDOWS\System32\combase.dll
0x00007ffe16cb0000 - 0x00007ffe16dee000 	C:\WINDOWS\SYSTEM32\wintypes.dll
0x00007ffe1a5a0000 - 0x00007ffe1a691000 	C:\WINDOWS\System32\SHCORE.dll
0x00007ffe19850000 - 0x00007ffe198ae000 	C:\WINDOWS\System32\shlwapi.dll
0x00007ffe18d00000 - 0x00007ffe18d21000 	C:\WINDOWS\SYSTEM32\profapi.dll
0x00007ffe11dc0000 - 0x00007ffe11dda000 	C:\Program Files\Java\jdk1.8.0_231\jre\bin\net.dll
0x00007ffe18290000 - 0x00007ffe182f9000 	C:\WINDOWS\system32\mswsock.dll
0x00007ffe09c30000 - 0x00007ffe09c42000 	C:\Program Files\Java\jdk1.8.0_231\jre\bin\nio.dll
0x00007ffe13ba0000 - 0x00007ffe13bbe000 	C:\Users\âúñÏëèï∂\.gradle\native\25\windows-amd64\native-platform.dll
0x00007ffe142d0000 - 0x00007ffe142dd000 	C:\Program Files\Java\jdk1.8.0_231\jre\bin\management.dll
0x00007ffe184e0000 - 0x00007ffe184fb000 	C:\WINDOWS\SYSTEM32\CRYPTSP.dll
0x00007ffe17d90000 - 0x00007ffe17dc5000 	C:\WINDOWS\system32\rsaenh.dll
0x00007ffe18380000 - 0x00007ffe183a8000 	C:\WINDOWS\SYSTEM32\USERENV.dll
0x00007ffe186f0000 - 0x00007ffe18718000 	C:\WINDOWS\SYSTEM32\bcrypt.dll
0x00007ffe18ef0000 - 0x00007ffe18f6b000 	C:\WINDOWS\System32\bcryptprimitives.dll
0x00007ffe18500000 - 0x00007ffe1850c000 	C:\WINDOWS\SYSTEM32\CRYPTBASE.dll
0x00007ffe17950000 - 0x00007ffe1797d000 	C:\WINDOWS\SYSTEM32\IPHLPAPI.DLL
0x00007ffe1a590000 - 0x00007ffe1a599000 	C:\WINDOWS\System32\NSI.dll
0x00007ffe12510000 - 0x00007ffe12529000 	C:\WINDOWS\SYSTEM32\dhcpcsvc6.DLL
0x00007ffe124f0000 - 0x00007ffe1250f000 	C:\WINDOWS\SYSTEM32\dhcpcsvc.DLL
0x00007ffe17980000 - 0x00007ffe17a73000 	C:\WINDOWS\SYSTEM32\DNSAPI.dll
0x00007ffdea9f0000 - 0x00007ffdeaa14000 	C:\Program Files\Java\jdk1.8.0_231\jre\bin\sunec.dll
0x00007ffe11f40000 - 0x00007ffe11f4b000 	C:\Program Files\Java\jdk1.8.0_231\jre\bin\sunmscapi.dll
0x00007ffe19030000 - 0x00007ffe19196000 	C:\WINDOWS\System32\CRYPT32.dll
0x00007ffe11870000 - 0x00007ffe1187a000 	C:\Windows\System32\rasadhlp.dll
0x00007ffe12250000 - 0x00007ffe122d3000 	C:\WINDOWS\System32\fwpuclnt.dll

VM Arguments:
jvm_args: -Xmx3g -Dfile.encoding=UTF-8 -Duser.country=JP -Duser.language=ja -Duser.variant 
java_command: org.gradle.launcher.daemon.bootstrap.GradleDaemon 4.10.3
java_class_path (initial): C:\Users\âúñÏëèï∂\.gradle\wrapper\dists\gradle-4.10.3-all\81msde2dx9p4vji0mjgtvxkcb\gradle-4.10.3\lib\gradle-launcher-4.10.3.jar
Launcher Type: SUN_STANDARD

Environment Variables:
PATH=C:\Program Files\Java\jdk-18\bin;C:\Program Files\Java\jdk1.8.0_231\bin;C:\Program Files\Common Files\Oracle\Java\javapath;C:\Program Files (x86)\Windows Resource Kits\Tools\;C:\Program Files (x86)\Common Files\Oracle\Java\javapath;C:\Program Files\Java\jre1.8.0_261;C:\Program Files (x86)\Intel\Intel(R) Management Engine Components\iCLS\;C:\Program Files\Intel\Intel(R) Management Engine Components\iCLS\;C:\Windows\system32;C:\Windows;C:\Windows\System32\Wbem;C:\Windows\System32\WindowsPowerShell\v1.0\;C:\Program Files (x86)\Intel\Intel(R) Management Engine Components\DAL;C:\Program Files\Intel\Intel(R) Management Engine Components\DAL;C:\Program Files (x86)\Intel\Intel(R) Management Engine Components\IPT;C:\Program Files\Intel\Intel(R) Management Engine Components\IPT;C:\Program Files (x86)\NVIDIA Corporation\PhysX\Common;C:\WINDOWS\system32;C:\WINDOWS;C:\WINDOWS\System32\Wbem;C:\WINDOWS\System32\WindowsPowerShell\v1.0\;C:\WINDOWS\System32\OpenSSH\;C:\w32tex\bin;C:\Program Files (x86)\gs\gs9.27\bin;C:\Program Files (x86)\gs\gs9.27\lib;C:\gs\gs7.07\bin;C:\gs\gs7.07\lib;C:\Program Files\NVIDIA Corporation\NVIDIA NvDLISR;C:\WINDOWS\system32;C:\WINDOWS;C:\WINDOWS\System32\Wbem;C:\WINDOWS\System32\WindowsPowerShell\v1.0\;C:\WINDOWS\System32\OpenSSH\;C:\Program Files\gs\gs9.56.1\bin;E:\Programs\Git\cmd;C:\Program Files\dotnet\;C:\Users\âúñÏëèï∂\AppData\Local\Programs\Python\Python38\Scripts\;C:\Users\âúñÏëèï∂\AppData\Local\Programs\Python\Python38\;C:\Users\âúñÏëèï∂\AppData\Local\Microsoft\WindowsApps;C:\Users\âúñÏëèï∂\AppData\Local\Programs\Python\Python37-32;C:\Users\âúñÏëèï∂\AppData\Local\atom\bin;C:\Users\âúñÏëèï∂\AppData\Local\Microsoft\WindowsApps;
USERNAME=âúñÏëèï∂
OS=Windows_NT
PROCESSOR_IDENTIFIER=Intel64 Family 6 Model 158 Stepping 10, GenuineIntel



---------------  S Y S T E M  ---------------

OS: Windows 10.0 , 64 bit Build 22621 (10.0.22621.1194)

CPU:total 12 (initial active 12) (6 cores per cpu, 2 threads per core) family 6 model 158 stepping 10, cmov, cx8, fxsr, mmx, sse, sse2, sse3, ssse3, sse4.1, sse4.2, popcnt, avx, avx2, aes, clmul, erms, rtm, 3dnowpref, lzcnt, ht, tsc, tscinvbit, bmi1, bmi2, adx

Memory: 4k page, physical 33490800k(10174052k free), swap 62632428k(5212k free)

vm_info: Java HotSpot(TM) 64-Bit Server VM (25.231-b11) for windows-amd64 JRE (1.8.0_231-b11), built on Oct  5 2019 03:11:30 by "java_re" with MS VC++ 10.0 (VS2010)

time: Fri Mar 17 21:59:45 2023
timezone: ìåãû (ïWèÄéû)
elapsed time: 7 seconds (0d 0h 0m 7s)

